Arguments: 
  C:\Program Files\nodejs\node.exe C:\Users\karthik\AppData\Roaming\npm\node_modules\yarn\bin\yarn.js add mongoose

PATH: 
  C:\Windows\system32;C:\Windows;C:\Windows\System32\Wbem;C:\Windows\System32\WindowsPowerShell\v1.0\;C:\Windows\System32\OpenSSH\;C:\ProgramData\chocolatey\bin;C:\Program Files\nodejs\;C:\Program Files\Git\bin\;C:\Program files\Git\cmd\;C:\Users\karthik\AppData\Local\Microsoft\WindowsApps;C:\Users\karthik\AppData\Local\Programs\Microsoft VS Code\bin;C:\Users\karthik\AppData\Roaming\npm

Yarn version: 
  1.22.17

Node version: 
  16.13.1

Platform: 
  win32 x64

Trace: 
  Error: getaddrinfo ENOTFOUND registry.yarnpkg.com
      at GetAddrInfoReqWrap.onlookup [as oncomplete] (node:dns:71:26)

npm manifest: 
  {
    "name": "studentapp",
    "version": "1.0.0",
    "description": "",
    "main": "server.js",
    "scripts": {
      "test": "echo \"Error: no test specified\" && exit 1",
      "start": "nodemon -r esm server.js"
    },
    "keywords": [],
    "author": "",
    "license": "ISC",
    "dependencies": {
      "esm": "^3.2.25",
      "express": "^4.17.2",
      "express-handlebars": "^6.0.2"
    }
  }

yarn manifest: 
  No manifest

Lockfile: 
  No lockfile
